
7월 28, 2021 13:53:51.789 NEW SESSION
7월 28, 2021 13:53:51.790 [6796:10000:0728/135351.765:ERROR:device_event_log_impl.cc(214)] [13:53:51.766] USB: usb_device_handle_win.cc:1048 Failed to read descriptor from node connection: 시스템에 부착된 장치가 작동하지 않습니다. (0x1F)
7월 28, 2021 13:53:51.790 [6796:10000:0728/135351.767:ERROR:device_event_log_impl.cc(214)] [13:53:51.767] USB: usb_device_handle_win.cc:1048 Failed to read descriptor from node connection: 시스템에 부착된 장치가 작동하지 않습니다. (0x1F)
7월 28, 2021 14:11:02.07 [6796:10000:0728/141102.007:ERROR:CONSOLE(1)] "Request Runtime.evaluate failed. {"code":-32602,"message":"uniqueContextId not found"}", source: devtools://devtools/bundled/core/protocol_client/protocol_client.js (1)
7월 28, 2021 14:11:02.13 [6796:10000:0728/141102.007:ERROR:CONSOLE(1)] "uniqueContextId not found", source: devtools://devtools/bundled/core/sdk/sdk.js (1)
7월 28, 2021 14:11:02.13 [6796:10000:0728/141102.008:ERROR:CONSOLE(1)] "Extension server error: Inspector protocol error: uniqueContextId not found", source: devtools://devtools/bundled/models/extensions/extensions.js (1)
7월 28, 2021 14:23:30.15 [6796:10000:0728/142330.015:ERROR:CONSOLE(1)] "Request Runtime.evaluate failed. {"code":-32602,"message":"uniqueContextId not found"}", source: devtools://devtools/bundled/core/protocol_client/protocol_client.js (1)
7월 28, 2021 14:23:30.15 [6796:10000:0728/142330.015:ERROR:CONSOLE(1)] "uniqueContextId not found", source: devtools://devtools/bundled/core/sdk/sdk.js (1)
7월 28, 2021 14:23:30.16 [6796:10000:0728/142330.015:ERROR:CONSOLE(1)] "Extension server error: Inspector protocol error: uniqueContextId not found", source: devtools://devtools/bundled/models/extensions/extensions.js (1)
7월 28, 2021 14:23:34.985 [6796:10000:0728/142334.985:ERROR:CONSOLE(1)] "Request Runtime.evaluate failed. {"code":-32602,"message":"uniqueContextId not found"}", source: devtools://devtools/bundled/core/protocol_client/protocol_client.js (1)
7월 28, 2021 14:23:34.987 [6796:10000:0728/142334.985:ERROR:CONSOLE(1)] "uniqueContextId not found", source: devtools://devtools/bundled/core/sdk/sdk.js (1)
7월 28, 2021 14:23:34.987 [6796:10000:0728/142334.986:ERROR:CONSOLE(1)] "Extension server error: Inspector protocol error: uniqueContextId not found", source: devtools://devtools/bundled/models/extensions/extensions.js (1)
7월 28, 2021 16:01:52.781 [6796:10000:0728/160152.780:ERROR:CONSOLE(1)] "Request Runtime.evaluate failed. {"code":-32602,"message":"uniqueContextId not found"}", source: devtools://devtools/bundled/core/protocol_client/protocol_client.js (1)
7월 28, 2021 16:01:52.781 [6796:10000:0728/160152.781:ERROR:CONSOLE(1)] "uniqueContextId not found", source: devtools://devtools/bundled/core/sdk/sdk.js (1)
7월 28, 2021 16:01:52.782 [6796:10000:0728/160152.782:ERROR:CONSOLE(1)] "Extension server error: Inspector protocol error: uniqueContextId not found", source: devtools://devtools/bundled/models/extensions/extensions.js (1)
7월 28, 2021 16:01:52.825 [6796:10000:0728/160152.825:ERROR:CONSOLE(1)] "Request Runtime.evaluate failed. {"code":-32602,"message":"uniqueContextId not found"}", source: devtools://devtools/bundled/core/protocol_client/protocol_client.js (1)
7월 28, 2021 16:01:52.826 [6796:10000:0728/160152.825:ERROR:CONSOLE(1)] "uniqueContextId not found", source: devtools://devtools/bundled/core/sdk/sdk.js (1)
7월 28, 2021 16:01:52.826 [6796:10000:0728/160152.825:ERROR:CONSOLE(1)] "Extension server error: Inspector protocol error: uniqueContextId not found", source: devtools://devtools/bundled/models/extensions/extensions.js (1)
7월 28, 2021 16:01:52.827 [6796:10000:0728/160152.825:ERROR:CONSOLE(1)] "Request Runtime.evaluate failed. {"code":-32602,"message":"uniqueContextId not found"}", source: devtools://devtools/bundled/core/protocol_client/protocol_client.js (1)
7월 28, 2021 16:01:52.827 [6796:10000:0728/160152.825:ERROR:CONSOLE(1)] "uniqueContextId not found", source: devtools://devtools/bundled/core/sdk/sdk.js (1)
7월 28, 2021 16:01:52.828 [6796:10000:0728/160152.825:ERROR:CONSOLE(1)] "Extension server error: Inspector protocol error: uniqueContextId not found", source: devtools://devtools/bundled/models/extensions/extensions.js (1)
7월 28, 2021 16:01:53.19 [6796:10000:0728/160153.019:ERROR:CONSOLE(1)] "Request Runtime.evaluate failed. {"code":-32602,"message":"uniqueContextId not found"}", source: devtools://devtools/bundled/core/protocol_client/protocol_client.js (1)
7월 28, 2021 16:01:53.19 [6796:10000:0728/160153.019:ERROR:CONSOLE(1)] "uniqueContextId not found", source: devtools://devtools/bundled/core/sdk/sdk.js (1)
7월 28, 2021 16:01:53.19 [6796:10000:0728/160153.019:ERROR:CONSOLE(1)] "Extension server error: Inspector protocol error: uniqueContextId not found", source: devtools://devtools/bundled/models/extensions/extensions.js (1)
7월 28, 2021 16:01:53.239 [6796:10000:0728/160153.239:ERROR:CONSOLE(1)] "Request Runtime.evaluate failed. {"code":-32602,"message":"uniqueContextId not found"}", source: devtools://devtools/bundled/core/protocol_client/protocol_client.js (1)
7월 28, 2021 16:01:53.240 [6796:10000:0728/160153.239:ERROR:CONSOLE(1)] "uniqueContextId not found", source: devtools://devtools/bundled/core/sdk/sdk.js (1)
7월 28, 2021 16:01:53.240 [6796:10000:0728/160153.239:ERROR:CONSOLE(1)] "Extension server error: Inspector protocol error: uniqueContextId not found", source: devtools://devtools/bundled/models/extensions/extensions.js (1)
7월 28, 2021 16:01:53.240 [6796:10000:0728/160153.239:ERROR:CONSOLE(1)] "Request Runtime.evaluate failed. {"code":-32602,"message":"uniqueContextId not found"}", source: devtools://devtools/bundled/core/protocol_client/protocol_client.js (1)
7월 28, 2021 16:01:53.241 [6796:10000:0728/160153.239:ERROR:CONSOLE(1)] "uniqueContextId not found", source: devtools://devtools/bundled/core/sdk/sdk.js (1)
7월 28, 2021 16:01:53.241 [6796:10000:0728/160153.239:ERROR:CONSOLE(1)] "Extension server error: Inspector protocol error: uniqueContextId not found", source: devtools://devtools/bundled/models/extensions/extensions.js (1)
7월 28, 2021 16:01:53.364 [6796:10000:0728/160153.364:ERROR:CONSOLE(1)] "Request Runtime.evaluate failed. {"code":-32602,"message":"uniqueContextId not found"}", source: devtools://devtools/bundled/core/protocol_client/protocol_client.js (1)
7월 28, 2021 16:01:53.365 [6796:10000:0728/160153.364:ERROR:CONSOLE(1)] "uniqueContextId not found", source: devtools://devtools/bundled/core/sdk/sdk.js (1)
7월 28, 2021 16:01:53.365 [6796:10000:0728/160153.364:ERROR:CONSOLE(1)] "Extension server error: Inspector protocol error: uniqueContextId not found", source: devtools://devtools/bundled/models/extensions/extensions.js (1)
7월 28, 2021 16:01:53.413 [6796:10000:0728/160153.413:ERROR:CONSOLE(1)] "Request Runtime.evaluate failed. {"code":-32602,"message":"uniqueContextId not found"}", source: devtools://devtools/bundled/core/protocol_client/protocol_client.js (1)
7월 28, 2021 16:01:53.414 [6796:10000:0728/160153.413:ERROR:CONSOLE(1)] "uniqueContextId not found", source: devtools://devtools/bundled/core/sdk/sdk.js (1)
7월 28, 2021 16:01:53.414 [6796:10000:0728/160153.413:ERROR:CONSOLE(1)] "Extension server error: Inspector protocol error: uniqueContextId not found", source: devtools://devtools/bundled/models/extensions/extensions.js (1)
7월 28, 2021 16:01:53.415 [6796:10000:0728/160153.413:ERROR:CONSOLE(1)] "Request Runtime.evaluate failed. {"code":-32602,"message":"uniqueContextId not found"}", source: devtools://devtools/bundled/core/protocol_client/protocol_client.js (1)
7월 28, 2021 16:01:53.415 [6796:10000:0728/160153.413:ERROR:CONSOLE(1)] "uniqueContextId not found", source: devtools://devtools/bundled/core/sdk/sdk.js (1)
7월 28, 2021 16:01:53.415 [6796:10000:0728/160153.413:ERROR:CONSOLE(1)] "Extension server error: Inspector protocol error: uniqueContextId not found", source: devtools://devtools/bundled/models/extensions/extensions.js (1)
7월 28, 2021 16:01:53.415 [6796:10000:0728/160153.413:ERROR:CONSOLE(1)] "Request Runtime.evaluate failed. {"code":-32602,"message":"uniqueContextId not found"}", source: devtools://devtools/bundled/core/protocol_client/protocol_client.js (1)
7월 28, 2021 16:01:53.416 [6796:10000:0728/160153.413:ERROR:CONSOLE(1)] "uniqueContextId not found", source: devtools://devtools/bundled/core/sdk/sdk.js (1)
7월 28, 2021 16:01:53.416 [6796:10000:0728/160153.413:ERROR:CONSOLE(1)] "Extension server error: Inspector protocol error: uniqueContextId not found", source: devtools://devtools/bundled/models/extensions/extensions.js (1)
7월 28, 2021 16:01:53.490 [6796:10000:0728/160153.490:ERROR:CONSOLE(1)] "Request Runtime.evaluate failed. {"code":-32602,"message":"uniqueContextId not found"}", source: devtools://devtools/bundled/core/protocol_client/protocol_client.js (1)
7월 28, 2021 16:01:53.490 [6796:10000:0728/160153.490:ERROR:CONSOLE(1)] "uniqueContextId not found", source: devtools://devtools/bundled/core/sdk/sdk.js (1)
7월 28, 2021 16:01:53.491 [6796:10000:0728/160153.490:ERROR:CONSOLE(1)] "Extension server error: Inspector protocol error: uniqueContextId not found", source: devtools://devtools/bundled/models/extensions/extensions.js (1)
7월 28, 2021 16:01:54.145 [6796:10000:0728/160154.145:ERROR:CONSOLE(1)] "Request Runtime.evaluate failed. {"code":-32602,"message":"uniqueContextId not found"}", source: devtools://devtools/bundled/core/protocol_client/protocol_client.js (1)
7월 28, 2021 16:01:54.146 [6796:10000:0728/160154.145:ERROR:CONSOLE(1)] "uniqueContextId not found", source: devtools://devtools/bundled/core/sdk/sdk.js (1)
7월 28, 2021 16:01:54.146 [6796:10000:0728/160154.145:ERROR:CONSOLE(1)] "Extension server error: Inspector protocol error: uniqueContextId not found", source: devtools://devtools/bundled/models/extensions/extensions.js (1)
7월 28, 2021 16:02:09.655 [6796:10000:0728/160209.655:ERROR:CONSOLE(1)] "Request Runtime.evaluate failed. {"code":-32602,"message":"uniqueContextId not found"}", source: devtools://devtools/bundled/core/protocol_client/protocol_client.js (1)
7월 28, 2021 16:02:09.656 [6796:10000:0728/160209.655:ERROR:CONSOLE(1)] "uniqueContextId not found", source: devtools://devtools/bundled/core/sdk/sdk.js (1)
7월 28, 2021 16:02:09.656 [6796:10000:0728/160209.655:ERROR:CONSOLE(1)] "Extension server error: Inspector protocol error: uniqueContextId not found", source: devtools://devtools/bundled/models/extensions/extensions.js (1)
7월 28, 2021 16:02:09.764 [6796:10000:0728/160209.764:ERROR:CONSOLE(1)] "Request Runtime.evaluate failed. {"code":-32602,"message":"uniqueContextId not found"}", source: devtools://devtools/bundled/core/protocol_client/protocol_client.js (1)
7월 28, 2021 16:02:09.764 [6796:10000:0728/160209.764:ERROR:CONSOLE(1)] "uniqueContextId not found", source: devtools://devtools/bundled/core/sdk/sdk.js (1)
7월 28, 2021 16:02:09.764 [6796:10000:0728/160209.764:ERROR:CONSOLE(1)] "Extension server error: Inspector protocol error: uniqueContextId not found", source: devtools://devtools/bundled/models/extensions/extensions.js (1)
7월 28, 2021 16:02:09.807 [6796:10000:0728/160209.807:ERROR:CONSOLE(1)] "Request Runtime.evaluate failed. {"code":-32602,"message":"uniqueContextId not found"}", source: devtools://devtools/bundled/core/protocol_client/protocol_client.js (1)
7월 28, 2021 16:02:09.808 [6796:10000:0728/160209.807:ERROR:CONSOLE(1)] "uniqueContextId not found", source: devtools://devtools/bundled/core/sdk/sdk.js (1)
7월 28, 2021 16:02:09.808 [6796:10000:0728/160209.807:ERROR:CONSOLE(1)] "Extension server error: Inspector protocol error: uniqueContextId not found", source: devtools://devtools/bundled/models/extensions/extensions.js (1)
7월 28, 2021 16:02:09.808 [6796:10000:0728/160209.807:ERROR:CONSOLE(1)] "Request Runtime.evaluate failed. {"code":-32602,"message":"uniqueContextId not found"}", source: devtools://devtools/bundled/core/protocol_client/protocol_client.js (1)
7월 28, 2021 16:02:09.809 [6796:10000:0728/160209.807:ERROR:CONSOLE(1)] "uniqueContextId not found", source: devtools://devtools/bundled/core/sdk/sdk.js (1)
7월 28, 2021 16:02:09.809 [6796:10000:0728/160209.807:ERROR:CONSOLE(1)] "Extension server error: Inspector protocol error: uniqueContextId not found", source: devtools://devtools/bundled/models/extensions/extensions.js (1)
7월 28, 2021 16:02:09.967 [6796:10000:0728/160209.966:ERROR:CONSOLE(1)] "Request Runtime.evaluate failed. {"code":-32602,"message":"uniqueContextId not found"}", source: devtools://devtools/bundled/core/protocol_client/protocol_client.js (1)
7월 28, 2021 16:02:09.967 [6796:10000:0728/160209.966:ERROR:CONSOLE(1)] "uniqueContextId not found", source: devtools://devtools/bundled/core/sdk/sdk.js (1)
7월 28, 2021 16:02:09.967 [6796:10000:0728/160209.966:ERROR:CONSOLE(1)] "Extension server error: Inspector protocol error: uniqueContextId not found", source: devtools://devtools/bundled/models/extensions/extensions.js (1)
7월 28, 2021 16:02:10.172 [6796:10000:0728/160210.172:ERROR:CONSOLE(1)] "Request Runtime.evaluate failed. {"code":-32602,"message":"uniqueContextId not found"}", source: devtools://devtools/bundled/core/protocol_client/protocol_client.js (1)
7월 28, 2021 16:02:10.173 [6796:10000:0728/160210.172:ERROR:CONSOLE(1)] "uniqueContextId not found", source: devtools://devtools/bundled/core/sdk/sdk.js (1)
7월 28, 2021 16:02:10.173 [6796:10000:0728/160210.172:ERROR:CONSOLE(1)] "Extension server error: Inspector protocol error: uniqueContextId not found", source: devtools://devtools/bundled/models/extensions/extensions.js (1)
7월 28, 2021 16:02:10.173 [6796:10000:0728/160210.172:ERROR:CONSOLE(1)] "Request Runtime.evaluate failed. {"code":-32602,"message":"uniqueContextId not found"}", source: devtools://devtools/bundled/core/protocol_client/protocol_client.js (1)
7월 28, 2021 16:02:10.174 [6796:10000:0728/160210.172:ERROR:CONSOLE(1)] "uniqueContextId not found", source: devtools://devtools/bundled/core/sdk/sdk.js (1)
7월 28, 2021 16:02:10.174 [6796:10000:0728/160210.172:ERROR:CONSOLE(1)] "Extension server error: Inspector protocol error: uniqueContextId not found", source: devtools://devtools/bundled/models/extensions/extensions.js (1)
7월 28, 2021 16:02:10.333 [6796:10000:0728/160210.333:ERROR:CONSOLE(1)] "Request Runtime.evaluate failed. {"code":-32602,"message":"uniqueContextId not found"}", source: devtools://devtools/bundled/core/protocol_client/protocol_client.js (1)
7월 28, 2021 16:02:10.333 [6796:10000:0728/160210.333:ERROR:CONSOLE(1)] "uniqueContextId not found", source: devtools://devtools/bundled/core/sdk/sdk.js (1)
7월 28, 2021 16:02:10.334 [6796:10000:0728/160210.333:ERROR:CONSOLE(1)] "Extension server error: Inspector protocol error: uniqueContextId not found", source: devtools://devtools/bundled/models/extensions/extensions.js (1)
7월 28, 2021 16:02:10.334 [6796:10000:0728/160210.333:ERROR:CONSOLE(1)] "Request Runtime.evaluate failed. {"code":-32602,"message":"uniqueContextId not found"}", source: devtools://devtools/bundled/core/protocol_client/protocol_client.js (1)
7월 28, 2021 16:02:10.334 [6796:10000:0728/160210.333:ERROR:CONSOLE(1)] "uniqueContextId not found", source: devtools://devtools/bundled/core/sdk/sdk.js (1)
7월 28, 2021 16:02:10.335 [6796:10000:0728/160210.333:ERROR:CONSOLE(1)] "Extension server error: Inspector protocol error: uniqueContextId not found", source: devtools://devtools/bundled/models/extensions/extensions.js (1)
7월 28, 2021 16:02:10.335 [6796:10000:0728/160210.333:ERROR:CONSOLE(1)] "Request Runtime.evaluate failed. {"code":-32602,"message":"uniqueContextId not found"}", source: devtools://devtools/bundled/core/protocol_client/protocol_client.js (1)
7월 28, 2021 16:02:10.336 [6796:10000:0728/160210.333:ERROR:CONSOLE(1)] "uniqueContextId not found", source: devtools://devtools/bundled/core/sdk/sdk.js (1)
7월 28, 2021 16:02:10.336 [6796:10000:0728/160210.333:ERROR:CONSOLE(1)] "Extension server error: Inspector protocol error: uniqueContextId not found", source: devtools://devtools/bundled/models/extensions/extensions.js (1)
7월 28, 2021 16:02:10.446 [6796:10000:0728/160210.446:ERROR:CONSOLE(1)] "Request Runtime.evaluate failed. {"code":-32602,"message":"uniqueContextId not found"}", source: devtools://devtools/bundled/core/protocol_client/protocol_client.js (1)
7월 28, 2021 16:02:10.446 [6796:10000:0728/160210.446:ERROR:CONSOLE(1)] "uniqueContextId not found", source: devtools://devtools/bundled/core/sdk/sdk.js (1)
7월 28, 2021 16:02:10.447 [6796:10000:0728/160210.446:ERROR:CONSOLE(1)] "Extension server error: Inspector protocol error: uniqueContextId not found", source: devtools://devtools/bundled/models/extensions/extensions.js (1)
7월 28, 2021 16:02:10.467 [6796:10000:0728/160210.467:ERROR:CONSOLE(1)] "Request Runtime.evaluate failed. {"code":-32602,"message":"uniqueContextId not found"}", source: devtools://devtools/bundled/core/protocol_client/protocol_client.js (1)
7월 28, 2021 16:02:10.468 [6796:10000:0728/160210.467:ERROR:CONSOLE(1)] "uniqueContextId not found", source: devtools://devtools/bundled/core/sdk/sdk.js (1)
7월 28, 2021 16:02:10.468 [6796:10000:0728/160210.467:ERROR:CONSOLE(1)] "Extension server error: Inspector protocol error: uniqueContextId not found", source: devtools://devtools/bundled/models/extensions/extensions.js (1)
